{"PART_ID":"1084","TS_DATE":"20180319","TS_TIME":"11:09:51","ROOM":"livingroom"}
{"PART_ID":"1085","TS_DATE":"20180314","TS_TIME":"13:51:35","ROOM":"hall"}
{"PART_ID":"1085","TS_DATE":"20180314","TS_TIME":"13:51:43","ROOM":"livingroom"}
{"PART_ID":"1085","TS_DATE":"20180315","TS_TIME":"17:59:06","ROOM":"hall"}
{"PART_ID":"1085","TS_DATE":"20180315","TS_TIME":"17:59:26","ROOM":"livingroom"}
{"PART_ID":"1086","TS_DATE":"20180206","TS_TIME":"15:00:40","ROOM":"hall"}
{"PART_ID":"1086","TS_DATE":"20180206","TS_TIME":"15:00:48","ROOM":"livingroom"}
{"PART_ID":"1086","TS_DATE":"20180206","TS_TIME":"15:04:22","ROOM":"livingroom"}
{"PART_ID":"1086","TS_DATE":"20180206","TS_TIME":"15:05:10","ROOM":"livingroom"}
{"PART_ID":"1086","TS_DATE":"20180212","TS_TIME":"14:42:16","ROOM":"hall"}
{"PART_ID":"1086","TS_DATE":"20180212","TS_TIME":"14:42:36","ROOM":"livingroom"}
{"PART_ID":"1086","TS_DATE":"20180212","TS_TIME":"14:42:56","ROOM":"livingroom"}
{"PART_ID":"1086","TS_DATE":"20180212","TS_TIME":"14:43:56","ROOM":"livingroom"}
{"PART_ID":"1086","TS_DATE":"20180212","TS_TIME":"14:44:37","ROOM":"hall"}
{"PART_ID":"1086","TS_DATE":"20180212","TS_TIME":"14:45:04","ROOM":"livingroom"}
{"PART_ID":"1086","TS_DATE":"20180212","TS_TIME":"14:45:08","ROOM":"hall"}
{"PART_ID":"1089","TS_DATE":"20180212","TS_TIME":"14:45:16","ROOM":"livingroom"}
{"PART_ID":"1089","TS_DATE":"20180212","TS_TIME":"14:45:20","ROOM":"hall"}
{"PART_ID":"1089","TS_DATE":"20180314","TS_TIME":"13:55:57","ROOM":"bedroom"}
{"PART_ID":"1090","TS_DATE":"20180205","TS_TIME":"15:24:05","ROOM":"hall"}
{"PART_ID":"1090","TS_DATE":"20180205","TS_TIME":"15:24:33","ROOM":"kitchen"}
{"PART_ID":"1090","TS_DATE":"20180205","TS_TIME":"15:26:37","ROOM":"hall"}
{"PART_ID":"1090","TS_DATE":"20180205","TS_TIME":"16:43:52","ROOM":"kitchen"}
{"PART_ID":"1090","TS_DATE":"20180205","TS_TIME":"16:44:32","ROOM":"hall"}
{"PART_ID":"1090","TS_DATE":"20180212","TS_TIME":"14:32:25","ROOM":"hall"}
{"PART_ID":"1090","TS_DATE":"20180212","TS_TIME":"14:32:33","ROOM":"bedroom"}
{"PART_ID":"1091","TS_DATE":"20180222","TS_TIME":"15:41:26","ROOM":"kitchen"}
{"PART_ID":"1091","TS_DATE":"20180222","TS_TIME":"15:41:34","ROOM":"bedroom"}
{"PART_ID":"1091","TS_DATE":"20180222","TS_TIME":"15:42:10","ROOM":"kitchen"}
{"PART_ID":"1091","TS_DATE":"20180222","TS_TIME":"15:42:26","ROOM":"hall"}
{"PART_ID":"1091","TS_DATE":"20180222","TS_TIME":"15:42:34","ROOM":"kitchen"}
{"PART_ID":"1091","TS_DATE":"20180222","TS_TIME":"15:43:14","ROOM":"hall"}
{"PART_ID":"1091","TS_DATE":"20180222","TS_TIME":"15:44:06","ROOM":"yard"}
{"PART_ID":"1091","TS_DATE":"20180226","TS_TIME":"17:13:14","ROOM":"bedroom"}
{"PART_ID":"1091","TS_DATE":"20180226","TS_TIME":"17:13:18","ROOM":"bathroom"}
{"PART_ID":"1092","TS_DATE":"20180212","TS_TIME":"14:32:53","ROOM":"bathroom"}
{"PART_ID":"1092","TS_DATE":"20180222","TS_TIME":"15:41:23","ROOM":"kitchen"}
{"PART_ID":"1092","TS_DATE":"20180222","TS_TIME":"15:41:35","ROOM":"bedroom"}
{"PART_ID":"1092","TS_DATE":"20180222","TS_TIME":"15:42:11","ROOM":"kitchen"}
{"PART_ID":"1092","TS_DATE":"20180222","TS_TIME":"15:42:27","ROOM":"hall"}
{"PART_ID":"1092","TS_DATE":"20180222","TS_TIME":"15:43:15","ROOM":"kitchen"}
{"PART_ID":"1092","TS_DATE":"20180222","TS_TIME":"15:43:27","ROOM":"bedroom"}
{"PART_ID":"1092","TS_DATE":"20180222","TS_TIME":"15:44:08","ROOM":"yard"}
{"PART_ID":"1094","TS_DATE":"20171117","TS_TIME":"15:52:27","ROOM":"livingroom"}
{"PART_ID":"1094","TS_DATE":"20171117","TS_TIME":"15:52:31","ROOM":"bathroom"}
{"PART_ID":"1094","TS_DATE":"20180222","TS_TIME":"16:31:06","ROOM":"livingroom"}
{"PART_ID":"1094","TS_DATE":"20180222","TS_TIME":"16:31:30","ROOM":"hall"}
{"PART_ID":"1094","TS_DATE":"20180222","TS_TIME":"16:32:10","ROOM":"livingroom"}
{"PART_ID":"1094","TS_DATE":"20180222","TS_TIME":"16:43:25","ROOM":"hall"}
{"PART_ID":"1094","TS_DATE":"20180222","TS_TIME":"16:44:00","ROOM":"livingroom"}
{"PART_ID":"1094","TS_DATE":"20180222","TS_TIME":"16:46:11","ROOM":"kitchen"}
{"PART_ID":"1094","TS_DATE":"20180222","TS_TIME":"16:59:54","ROOM":"livingroom"}
{"PART_ID":"1094","TS_DATE":"20180222","TS_TIME":"17:01:54","ROOM":"kitchen"}
{"PART_ID":"1094","TS_DATE":"20180727","TS_TIME":"14:26:18","ROOM":"livingroom"}
{"PART_ID":"1094","TS_DATE":"20180727","TS_TIME":"14:27:06","ROOM":"yard"}
{"PART_ID":"1095","TS_DATE":"20180721","TS_TIME":"15:44:09","ROOM":"yard"}
{"PART_ID":"1095","TS_DATE":"20180727","TS_TIME":"14:05:42","ROOM":"livingroom"}
{"PART_ID":"1095","TS_DATE":"20180727","TS_TIME":"14:08:12","ROOM":"livingroom"}
{"PART_ID":"1095","TS_DATE":"20180727","TS_TIME":"14:43:28","ROOM":"yard"}
{"PART_ID":"1101","TS_DATE":"20180306","TS_TIME":"17:36:00","ROOM":"livingroom"}
{"PART_ID":"1101","TS_DATE":"20180306","TS_TIME":"17:37:24","ROOM":"kitchen"}
{"PART_ID":"1101","TS_DATE":"20180309","TS_TIME":"16:37:40","ROOM":"bedroom"}
{"PART_ID":"1101","TS_DATE":"20180314","TS_TIME":"14:14:36","ROOM":"bedroom"}
{"PART_ID":"1101","TS_DATE":"20180314","TS_TIME":"14:14:40","ROOM":"livingroom"}
{"PART_ID":"1101","TS_DATE":"20180314","TS_TIME":"14:14:58","ROOM":"kitchen"}
{"PART_ID":"1101","TS_DATE":"20180314","TS_TIME":"14:15:04","ROOM":"bedroom"}
{"PART_ID":"1101","TS_DATE":"20180314","TS_TIME":"14:15:08","ROOM":"kitchen"}
{"PART_ID":"1101","TS_DATE":"20180718","TS_TIME":"14:13:48","ROOM":"livingroom"}
{"PART_ID":"1101","TS_DATE":"20180718","TS_TIME":"14:18:07","ROOM":"kitchen"}
{"PART_ID":"1101","TS_DATE":"20180718","TS_TIME":"14:19:36","ROOM":"livingroom"}
{"PART_ID":"1101","TS_DATE":"20180718","TS_TIME":"14:20:44","ROOM":"livingroom"}
{"PART_ID":"1101","TS_DATE":"20180718","TS_TIME":"14:22:57","ROOM":"kitchen"}
{"PART_ID":"1101","TS_DATE":"20180718","TS_TIME":"14:31:09","ROOM":"livingroom"}
{"PART_ID":"1101","TS_DATE":"20180718","TS_TIME":"14:33:44","ROOM":"kitchen"}
{"PART_ID":"1101","TS_DATE":"20180718","TS_TIME":"14:40:34","ROOM":"livingroom"}
{"PART_ID":"1101","TS_DATE":"20180718","TS_TIME":"14:42:19","ROOM":"livingroom"}
{"PART_ID":"1101","TS_DATE":"20180718","TS_TIME":"14:42:59","ROOM":"livingroom"}
{"PART_ID":"1101","TS_DATE":"20180718","TS_TIME":"14:44:08","ROOM":"kitchen"}
{"PART_ID":"1101","TS_DATE":"20180718","TS_TIME":"14:49:49","ROOM":"livingroom"}
{"PART_ID":"1101","TS_DATE":"20180718","TS_TIME":"14:53:27","ROOM":"kitchen"}
{"PART_ID":"1101","TS_DATE":"20180718","TS_TIME":"14:54:16","ROOM":"livingroom"}
{"PART_ID":"1101","TS_DATE":"20180718","TS_TIME":"14:55:08","ROOM":"livingroom"}
{"PART_ID":"1101","TS_DATE":"20180718","TS_TIME":"14:57:06","ROOM":"bedroom"}
{"PART_ID":"1101","TS_DATE":"20180718","TS_TIME":"14:59:50","ROOM":"bathroom"}
{"PART_ID":"1101","TS_DATE":"20180718","TS_TIME":"15:01:19","ROOM":"kitchen"}
{"PART_ID":"1101","TS_DATE":"20180718","TS_TIME":"15:02:23","ROOM":"bedroom"}
{"PART_ID":"1101","TS_DATE":"20180718","TS_TIME":"15:08:42","ROOM":"livingroom"}
{"PART_ID":"1101","TS_DATE":"20180718","TS_TIME":"15:11:11","ROOM":"bedroom"}
{"PART_ID":"1101","TS_DATE":"20180718","TS_TIME":"15:11:28","ROOM":"bedroom"}
{"PART_ID":"1101","TS_DATE":"20180718","TS_TIME":"15:11:39","ROOM":"bedroom"}
{"PART_ID":"1101","TS_DATE":"20180718","TS_TIME":"15:13:13","ROOM":"yard"}
{"PART_ID":"1101","TS_DATE":"20180718","TS_TIME":"15:13:30","ROOM":"bedroom"}
{"PART_ID":"1101","TS_DATE":"20180718","TS_TIME":"15:14:10","ROOM":"bedroom"}
{"PART_ID":"1101","TS_DATE":"20180718","TS_TIME":"15:14:42","ROOM":"bedroom"}
{"PART_ID":"1101","TS_DATE":"20180718","TS_TIME":"15:15:39","ROOM":"bedroom"}
{"PART_ID":"1101","TS_DATE":"20180718","TS_TIME":"15:17:57","ROOM":"bedroom"}
{"PART_ID":"1101","TS_DATE":"20180718","TS_TIME":"15:18:35","ROOM":"bedroom"}
{"PART_ID":"1101","TS_DATE":"20180718","TS_TIME":"15:22:12","ROOM":"bedroom"}
{"PART_ID":"1101","TS_DATE":"20180718","TS_TIME":"15:24:44","ROOM":"yard"}
{"PART_ID":"1101","TS_DATE":"20180718","TS_TIME":"15:25:23","ROOM":"bedroom"}
{"PART_ID":"1101","TS_DATE":"20180718","TS_TIME":"15:26:03","ROOM":"yard"}
{"PART_ID":"1101","TS_DATE":"20180718","TS_TIME":"15:28:12","ROOM":"bedroom"}
{"PART_ID":"1101","TS_DATE":"20180718","TS_TIME":"15:29:17","ROOM":"yard"}
{"PART_ID":"1101","TS_DATE":"20180718","TS_TIME":"15:35:30","ROOM":"bedroom"}
{"PART_ID":"1101","TS_DATE":"20180718","TS_TIME":"15:36:10","ROOM":"yard"}
{"PART_ID":"1101","TS_DATE":"20180718","TS_TIME":"15:38:15","ROOM":"bedroom"}
{"PART_ID":"1101","TS_DATE":"20180718","TS_TIME":"15:39:48","ROOM":"yard"}
{"PART_ID":"1101","TS_DATE":"20180718","TS_TIME":"15:40:44","ROOM":"bedroom"}
{"PART_ID":"1101","TS_DATE":"20180718","TS_TIME":"15:42:49","ROOM":"yard"}
{"PART_ID":"1101","TS_DATE":"20180718","TS_TIME":"15:46:45","ROOM":"bedroom"}
{"PART_ID":"1101","TS_DATE":"20180718","TS_TIME":"15:48:48","ROOM":"kitchen"}
{"PART_ID":"1101","TS_DATE":"20180718","TS_TIME":"15:50:33","ROOM":"yard"}
{"PART_ID":"1101","TS_DATE":"20180718","TS_TIME":"15:51:15","ROOM":"bedroom"}
{"PART_ID":"1101","TS_DATE":"20180718","TS_TIME":"15:51:59","ROOM":"yard"}
{"PART_ID":"1101","TS_DATE":"20180718","TS_TIME":"15:53:09","ROOM":"bedroom"}
{"PART_ID":"1101","TS_DATE":"20180718","TS_TIME":"15:54:31","ROOM":"yard"}
{"PART_ID":"1101","TS_DATE":"20180718","TS_TIME":"15:55:49","ROOM":"bedroom"}
{"PART_ID":"1101","TS_DATE":"20180718","TS_TIME":"15:56:50","ROOM":"yard"}
{"PART_ID":"1101","TS_DATE":"20180718","TS_TIME":"16:00:01","ROOM":"bedroom"}
{"PART_ID":"1101","TS_DATE":"20180718","TS_TIME":"16:01:29","ROOM":"yard"}
{"PART_ID":"1101","TS_DATE":"20180718","TS_TIME":"16:01:46","ROOM":"kitchen"}
{"PART_ID":"1101","TS_DATE":"20180718","TS_TIME":"16:07:43","ROOM":"bedroom"}
{"PART_ID":"1101","TS_DATE":"20180718","TS_TIME":"16:09:41","ROOM":"kitchen"}
{"PART_ID":"1101","TS_DATE":"20180718","TS_TIME":"16:24:41","ROOM":"bedroom"}
{"PART_ID":"1101","TS_DATE":"20180718","TS_TIME":"16:26:46","ROOM":"bedroom"}
{"PART_ID":"1101","TS_DATE":"20180718","TS_TIME":"16:27:01","ROOM":"bedroom"}
{"PART_ID":"1101","TS_DATE":"20180718","TS_TIME":"16:27:45","ROOM":"yard"}
{"PART_ID":"1101","TS_DATE":"20180718","TS_TIME":"16:30:55","ROOM":"bedroom"}
{"PART_ID":"1101","TS_DATE":"20180718","TS_TIME":"16:32:30","ROOM":"kitchen"}
{"PART_ID":"1101","TS_DATE":"20180718","TS_TIME":"16:35:59","ROOM":"kitchen"}
{"PART_ID":"1101","TS_DATE":"20180718","TS_TIME":"16:37:40","ROOM":"kitchen"}
{"PART_ID":"1101","TS_DATE":"20180718","TS_TIME":"16:53:50","ROOM":"yard"}
{"PART_ID":"1101","TS_DATE":"20180718","TS_TIME":"16:56:10","ROOM":"kitchen"}
{"PART_ID":"1101","TS_DATE":"20180718","TS_TIME":"17:07:04","ROOM":"yard"}
{"PART_ID":"1101","TS_DATE":"20180718","TS_TIME":"17:07:08","ROOM":"kitchen"}
{"PART_ID":"1101","TS_DATE":"20180718","TS_TIME":"17:09:00","ROOM":"yard"}
{"PART_ID":"1101","TS_DATE":"20180718","TS_TIME":"17:13:07","ROOM":"kitchen"}
{"PART_ID":"1101","TS_DATE":"20180718","TS_TIME":"17:13:50","ROOM":"kitchen"}
{"PART_ID":"1101","TS_DATE":"20180718","TS_TIME":"17:16:31","ROOM":"kitchen"}
{"PART_ID":"1101","TS_DATE":"20180718","TS_TIME":"17:21:01","ROOM":"yard"}
{"PART_ID":"1101","TS_DATE":"20180718","TS_TIME":"17:24:40","ROOM":"kitchen"}
{"PART_ID":"1101","TS_DATE":"20180718","TS_TIME":"17:58:20","ROOM":"bedroom"}
{"PART_ID":"1104","TS_DATE":"20180718","TS_TIME":"16:15:42","ROOM":"kitchen"}
{"PART_ID":"1104","TS_DATE":"20180718","TS_TIME":"16:43:28","ROOM":"bedroom"}
{"PART_ID":"1104","TS_DATE":"20180719","TS_TIME":"11:00:20","ROOM":"kitchen"}
{"PART_ID":"1104","TS_DATE":"20180719","TS_TIME":"11:03:43","ROOM":"bathroom"}
{"PART_ID":"1104","TS_DATE":"20180719","TS_TIME":"11:34:38","ROOM":"kitchen"}
{"PART_ID":"1104","TS_DATE":"20180719","TS_TIME":"11:37:18","ROOM":"bathroom"}
{"PART_ID":"1104","TS_DATE":"20180719","TS_TIME":"11:42:13","ROOM":"bedroom"}
{"PART_ID":"1104","TS_DATE":"20180719","TS_TIME":"12:14:59","ROOM":"yard"}
{"PART_ID":"1104","TS_DATE":"20180719","TS_TIME":"12:15:14","ROOM":"bedroom"}
{"PART_ID":"1104","TS_DATE":"20180719","TS_TIME":"12:18:40","ROOM":"yard"}
{"PART_ID":"1104","TS_DATE":"20180719","TS_TIME":"12:18:47","ROOM":"bedroom"}
{"PART_ID":"1104","TS_DATE":"20180719","TS_TIME":"12:19:32","ROOM":"yard"}
{"PART_ID":"1104","TS_DATE":"20180719","TS_TIME":"12:19:44","ROOM":"bedroom"}
{"PART_ID":"1104","TS_DATE":"20180719","TS_TIME":"13:35:25","ROOM":"livingroom"}
{"PART_ID":"1104","TS_DATE":"20180719","TS_TIME":"13:36:23","ROOM":"kitchen"}
{"PART_ID":"1104","TS_DATE":"20180719","TS_TIME":"13:37:52","ROOM":"bathroom"}
{"PART_ID":"1104","TS_DATE":"20180719","TS_TIME":"13:38:33","ROOM":"kitchen"}
{"PART_ID":"1104","TS_DATE":"20180719","TS_TIME":"14:16:18","ROOM":"bedroom"}
{"PART_ID":"1104","TS_DATE":"20180719","TS_TIME":"14:24:20","ROOM":"kitchen"}
{"PART_ID":"1104","TS_DATE":"20180719","TS_TIME":"14:35:35","ROOM":"bedroom"}
{"PART_ID":"1104","TS_DATE":"20180719","TS_TIME":"14:36:35","ROOM":"kitchen"}
{"PART_ID":"1104","TS_DATE":"20180719","TS_TIME":"14:50:56","ROOM":"yard"}
{"PART_ID":"2082","TS_DATE":"20171018","TS_TIME":"13:49:51","ROOM":"bathroom"}
{"PART_ID":"2082","TS_DATE":"20171018","TS_TIME":"13:49:55","ROOM":"livingroom"}
{"PART_ID":"2082","TS_DATE":"20171018","TS_TIME":"13:49:56","ROOM":"bedroom"}
{"PART_ID":"2082","TS_DATE":"20171018","TS_TIME":"13:50:05","ROOM":"kitchen"}
{"PART_ID":"2082","TS_DATE":"20171018","TS_TIME":"13:50:14","ROOM":"bedroom"}
{"PART_ID":"2082","TS_DATE":"20171018","TS_TIME":"13:50:52","ROOM":"kitchen"}
{"PART_ID":"2082","TS_DATE":"20171018","TS_TIME":"13:50:59","ROOM":"bedroom"}
{"PART_ID":"2082","TS_DATE":"20171018","TS_TIME":"13:51:00","ROOM":"kitchen"}
{"PART_ID":"2082","TS_DATE":"20171018","TS_TIME":"13:51:03","ROOM":"bedroom"}
{"PART_ID":"2082","TS_DATE":"20171018","TS_TIME":"13:51:15","ROOM":"kitchen"}
{"PART_ID":"2082","TS_DATE":"20171018","TS_TIME":"13:51:54","ROOM":"bedroom"}
{"PART_ID":"2082","TS_DATE":"20171018","TS_TIME":"13:51:55","ROOM":"kitchen"}
{"PART_ID":"2082","TS_DATE":"20171018","TS_TIME":"13:52:08","ROOM":"bedroom"}
{"PART_ID":"2082","TS_DATE":"20171018","TS_TIME":"13:52:18","ROOM":"kitchen"}
{"PART_ID":"2082","TS_DATE":"20171018","TS_TIME":"13:52:34","ROOM":"bedroom"}
{"PART_ID":"2082","TS_DATE":"20171018","TS_TIME":"13:52:35","ROOM":"kitchen"}
{"PART_ID":"2082","TS_DATE":"20171018","TS_TIME":"13:52:37","ROOM":"bedroom"}
{"PART_ID":"2082","TS_DATE":"20171018","TS_TIME":"13:53:02","ROOM":"kitchen"}
{"PART_ID":"2082","TS_DATE":"20171018","TS_TIME":"13:53:15","ROOM":"bedroom"}
{"PART_ID":"2082","TS_DATE":"20171018","TS_TIME":"13:53:37","ROOM":"kitchen"}
{"PART_ID":"2082","TS_DATE":"20171018","TS_TIME":"13:54:19","ROOM":"bedroom"}
{"PART_ID":"2082","TS_DATE":"20171018","TS_TIME":"13:54:20","ROOM":"kitchen"}
{"PART_ID":"2082","TS_DATE":"20171018","TS_TIME":"13:54:46","ROOM":"bedroom"}
{"PART_ID":"2082","TS_DATE":"20171018","TS_TIME":"13:54:49","ROOM":"kitchen"}
{"PART_ID":"2082","TS_DATE":"20171018","TS_TIME":"13:55:02","ROOM":"bedroom"}
{"PART_ID":"2082","TS_DATE":"20171018","TS_TIME":"13:55:05","ROOM":"kitchen"}
{"PART_ID":"2082","TS_DATE":"20171018","TS_TIME":"13:55:30","ROOM":"bedroom"}
{"PART_ID":"2082","TS_DATE":"20171018","TS_TIME":"13:55:38","ROOM":"kitchen"}
{"PART_ID":"2082","TS_DATE":"20171018","TS_TIME":"13:56:18","ROOM":"bedroom"}
{"PART_ID":"2082","TS_DATE":"20171018","TS_TIME":"13:56:25","ROOM":"bathroom"}
{"PART_ID":"2082","TS_DATE":"20171018","TS_TIME":"13:56:27","ROOM":"kitchen"}
{"PART_ID":"2082","TS_DATE":"20171018","TS_TIME":"13:57:17","ROOM":"bedroom"}
{"PART_ID":"2082","TS_DATE":"20171018","TS_TIME":"13:57:21","ROOM":"kitchen"}
{"PART_ID":"2082","TS_DATE":"20171018","TS_TIME":"13:58:11","ROOM":"bedroom"}
{"PART_ID":"2082","TS_DATE":"20171018","TS_TIME":"13:58:13","ROOM":"kitchen"}
{"PART_ID":"2082","TS_DATE":"20171018","TS_TIME":"13:58:22","ROOM":"bedroom"}
{"PART_ID":"2082","TS_DATE":"20171018","TS_TIME":"13:58:41","ROOM":"kitchen"}
{"PART_ID":"2082","TS_DATE":"20171018","TS_TIME":"13:58:53","ROOM":"bedroom"}
{"PART_ID":"2082","TS_DATE":"20171018","TS_TIME":"13:58:56","ROOM":"kitchen"}
{"PART_ID":"2082","TS_DATE":"20171018","TS_TIME":"13:59:52","ROOM":"bedroom"}
{"PART_ID":"2082","TS_DATE":"20171018","TS_TIME":"14:00:00","ROOM":"kitchen"}
{"PART_ID":"2082","TS_DATE":"20171018","TS_TIME":"14:00:52","ROOM":"bedroom"}
{"PART_ID":"2082","TS_DATE":"20171018","TS_TIME":"14:00:54","ROOM":"kitchen"}
{"PART_ID":"2082","TS_DATE":"20171018","TS_TIME":"14:01:30","ROOM":"bedroom"}
{"PART_ID":"2082","TS_DATE":"20171018","TS_TIME":"14:01:35","ROOM":"kitchen"}
{"PART_ID":"2082","TS_DATE":"20171018","TS_TIME":"14:02:57","ROOM":"bedroom"}
{"PART_ID":"2082","TS_DATE":"20171018","TS_TIME":"14:03:11","ROOM":"kitchen"}
{"PART_ID":"2082","TS_DATE":"20171018","TS_TIME":"14:03:35","ROOM":"bedroom"}
{"PART_ID":"2082","TS_DATE":"20171018","TS_TIME":"14:03:37","ROOM":"kitchen"}
{"PART_ID":"2082","TS_DATE":"20171018","TS_TIME":"14:03:40","ROOM":"bedroom"}
{"PART_ID":"2082","TS_DATE":"20171018","TS_TIME":"14:03:42","ROOM":"kitchen"}
{"PART_ID":"2082","TS_DATE":"20171018","TS_TIME":"14:03:59","ROOM":"bedroom"}
{"PART_ID":"2082","TS_DATE":"20171018","TS_TIME":"14:04:14","ROOM":"kitchen"}
{"PART_ID":"2082","TS_DATE":"20171018","TS_TIME":"14:04:21","ROOM":"bedroom"}
{"PART_ID":"2082","TS_DATE":"20171018","TS_TIME":"14:04:39","ROOM":"kitchen"}
{"PART_ID":"2082","TS_DATE":"20171018","TS_TIME":"14:04:55","ROOM":"bedroom"}
{"PART_ID":"2082","TS_DATE":"20171018","TS_TIME":"14:05:17","ROOM":"kitchen"}
{"PART_ID":"2082","TS_DATE":"20171018","TS_TIME":"14:05:39","ROOM":"bedroom"}
{"PART_ID":"2082","TS_DATE":"20171018","TS_TIME":"14:05:44","ROOM":"kitchen"}
{"PART_ID":"2082","TS_DATE":"20171018","TS_TIME":"14:06:10","ROOM":"bedroom"}
{"PART_ID":"2082","TS_DATE":"20171018","TS_TIME":"14:06:13","ROOM":"kitchen"}
{"PART_ID":"2082","TS_DATE":"20171018","TS_TIME":"14:06:18","ROOM":"bedroom"}
{"PART_ID":"2082","TS_DATE":"20171018","TS_TIME":"14:06:29","ROOM":"kitchen"}
{"PART_ID":"2082","TS_DATE":"20171018","TS_TIME":"14:06:32","ROOM":"bedroom"}
{"PART_ID":"2082","TS_DATE":"20171018","TS_TIME":"14:06:39","ROOM":"kitchen"}
{"PART_ID":"2082","TS_DATE":"20171018","TS_TIME":"14:06:48","ROOM":"bedroom"}
{"PART_ID":"2082","TS_DATE":"20171018","TS_TIME":"14:06:53","ROOM":"bathroom"}
{"PART_ID":"2082","TS_DATE":"20171018","TS_TIME":"14:07:19","ROOM":"bedroom"}
{"PART_ID":"2082","TS_DATE":"20171018","TS_TIME":"14:07:22","ROOM":"bathroom"}
{"PART_ID":"2082","TS_DATE":"20171018","TS_TIME":"14:07:24","ROOM":"kitchen"}
{"PART_ID":"2082","TS_DATE":"20171018","TS_TIME":"14:07:28","ROOM":"bathroom"}
{"PART_ID":"2082","TS_DATE":"20171018","TS_TIME":"14:07:31","ROOM":"kitchen"}
{"PART_ID":"2082","TS_DATE":"20171018","TS_TIME":"14:08:02","ROOM":"bathroom"}
{"PART_ID":"2082","TS_DATE":"20171018","TS_TIME":"14:08:32","ROOM":"bedroom"}
{"PART_ID":"2082","TS_DATE":"20171018","TS_TIME":"14:08:47","ROOM":"bathroom"}
{"PART_ID":"2082","TS_DATE":"20171018","TS_TIME":"14:08:51","ROOM":"kitchen"}
{"PART_ID":"2082","TS_DATE":"20171018","TS_TIME":"14:08:55","ROOM":"bathroom"}
{"PART_ID":"2082","TS_DATE":"20171018","TS_TIME":"14:08:58","ROOM":"bedroom"}
{"PART_ID":"2082","TS_DATE":"20171018","TS_TIME":"14:09:16","ROOM":"kitchen"}
{"PART_ID":"2082","TS_DATE":"20171018","TS_TIME":"14:09:30","ROOM":"bedroom"}
{"PART_ID":"2082","TS_DATE":"20171018","TS_TIME":"14:09:56","ROOM":"kitchen"}
{"PART_ID":"2082","TS_DATE":"20171018","TS_TIME":"14:10:01","ROOM":"bedroom"}
{"PART_ID":"2082","TS_DATE":"20171018","TS_TIME":"14:10:07","ROOM":"kitchen"}
{"PART_ID":"2082","TS_DATE":"20171018","TS_TIME":"14:10:12","ROOM":"bedroom"}
{"PART_ID":"2082","TS_DATE":"20171018","TS_TIME":"14:10:14","ROOM":"kitchen"}
{"PART_ID":"2082","TS_DATE":"20171018","TS_TIME":"14:10:18","ROOM":"bedroom"}
{"PART_ID":"2082","TS_DATE":"20171018","TS_TIME":"14:10:21","ROOM":"kitchen"}
{"PART_ID":"2082","TS_DATE":"20171018","TS_TIME":"14:10:28","ROOM":"bedroom"}
{"PART_ID":"2082","TS_DATE":"20171018","TS_TIME":"14:10:30","ROOM":"kitchen"}
{"PART_ID":"2082","TS_DATE":"20171018","TS_TIME":"14:10:32","ROOM":"bedroom"}
{"PART_ID":"2082","TS_DATE":"20171018","TS_TIME":"14:10:34","ROOM":"kitchen"}
{"PART_ID":"2082","TS_DATE":"20171018","TS_TIME":"14:11:04","ROOM":"livingroom"}
{"PART_ID":"2082","TS_DATE":"20171018","TS_TIME":"14:11:26","ROOM":"bedroom"}
{"PART_ID":"2082","TS_DATE":"20171019","TS_TIME":"10:50:17","ROOM":"livingroom"}
{"PART_ID":"2082","TS_DATE":"20171019","TS_TIME":"10:50:30","ROOM":"kitchen"}
{"PART_ID":"2082","TS_DATE":"20171019","TS_TIME":"10:50:36","ROOM":"livingroom"}
{"PART_ID":"2082","TS_DATE":"20171019","TS_TIME":"10:50:42","ROOM":"livingroom"}
{"PART_ID":"2082","TS_DATE":"20171019","TS_TIME":"10:50:47","ROOM":"livingroom"}
{"PART_ID":"2082","TS_DATE":"20171019","TS_TIME":"10:50:49","ROOM":"livingroom"}
{"PART_ID":"2082","TS_DATE":"20171019","TS_TIME":"10:50:53","ROOM":"bathroom"}
{"PART_ID":"2082","TS_DATE":"20171019","TS_TIME":"10:50:58","ROOM":"livingroom"}
{"PART_ID":"2082","TS_DATE":"20171019","TS_TIME":"10:50:59","ROOM":"bathroom"}
{"PART_ID":"2082","TS_DATE":"20171019","TS_TIME":"10:51:10","ROOM":"livingroom"}
{"PART_ID":"2082","TS_DATE":"20171019","TS_TIME":"10:51:27","ROOM":"livingroom"}
{"PART_ID":"2082","TS_DATE":"20171019","TS_TIME":"10:51:41","ROOM":"bathroom"}
{"PART_ID":"2082","TS_DATE":"20171019","TS_TIME":"10:51:44","ROOM":"livingroom"}
{"PART_ID":"2082","TS_DATE":"20171019","TS_TIME":"10:51:51","ROOM":"livingroom"}
{"PART_ID":"2082","TS_DATE":"20171019","TS_TIME":"10:52:22","ROOM":"kitchen"}
{"PART_ID":"2082","TS_DATE":"20171019","TS_TIME":"10:52:27","ROOM":"livingroom"}
{"PART_ID":"2082","TS_DATE":"20171019","TS_TIME":"10:53:03","ROOM":"kitchen"}
{"PART_ID":"2082","TS_DATE":"20171019","TS_TIME":"10:53:24","ROOM":"livingroom"}
{"PART_ID":"2082","TS_DATE":"20171019","TS_TIME":"10:53:27","ROOM":"kitchen"}
{"PART_ID":"2082","TS_DATE":"20171019","TS_TIME":"10:53:39","ROOM":"livingroom"}
{"PART_ID":"2082","TS_DATE":"20171019","TS_TIME":"10:53:40","ROOM":"livingroom"}
{"PART_ID":"2082","TS_DATE":"20171019","TS_TIME":"10:53:50","ROOM":"bathroom"}
{"PART_ID":"2082","TS_DATE":"20171019","TS_TIME":"10:54:10","ROOM":"livingroom"}
{"PART_ID":"2082","TS_DATE":"20171019","TS_TIME":"10:54:13","ROOM":"livingroom"}
{"PART_ID":"2082","TS_DATE":"20171019","TS_TIME":"10:54:15","ROOM":"kitchen"}
{"PART_ID":"2082","TS_DATE":"20171019","TS_TIME":"10:55:29","ROOM":"livingroom"}
{"PART_ID":"2082","TS_DATE":"20171019","TS_TIME":"10:56:08","ROOM":"yard"}
{"PART_ID":"2082","TS_DATE":"20171019","TS_TIME":"10:56:14","ROOM":"livingroom"}
{"PART_ID":"2082","TS_DATE":"20171019","TS_TIME":"10:56:26","ROOM":"yard"}
{"PART_ID":"2082","TS_DATE":"20171019","TS_TIME":"11:21:20","ROOM":"livingroom"}
{"PART_ID":"2082","TS_DATE":"20171019","TS_TIME":"11:21:33","ROOM":"yard"}
{"PART_ID":"2082","TS_DATE":"20171019","TS_TIME":"11:22:06","ROOM":"livingroom"}
{"PART_ID":"2082","TS_DATE":"20171019","TS_TIME":"11:22:15","ROOM":"kitchen"}
{"PART_ID":"2082","TS_DATE":"20171019","TS_TIME":"11:22:17","ROOM":"livingroom"}
{"PART_ID":"2082","TS_DATE":"20171019","TS_TIME":"11:22:19","ROOM":"kitchen"}
{"PART_ID":"2082","TS_DATE":"20171019","TS_TIME":"11:22:56","ROOM":"livingroom"}
{"PART_ID":"2082","TS_DATE":"20171019","TS_TIME":"11:22:58","ROOM":"kitchen"}
{"PART_ID":"2082","TS_DATE":"20171019","TS_TIME":"11:23:29","ROOM":"livingroom"}
{"PART_ID":"2082","TS_DATE":"20171019","TS_TIME":"11:23:30","ROOM":"kitchen"}
{"PART_ID":"2082","TS_DATE":"20171019","TS_TIME":"11:23:41","ROOM":"livingroom"}
{"PART_ID":"2082","TS_DATE":"20171019","TS_TIME":"11:23:44","ROOM":"livingroom"}
{"PART_ID":"2082","TS_DATE":"20171019","TS_TIME":"11:23:49","ROOM":"kitchen"}
{"PART_ID":"2082","TS_DATE":"20171019","TS_TIME":"11:24:14","ROOM":"livingroom"}
{"PART_ID":"2082","TS_DATE":"20171019","TS_TIME":"11:24:18","ROOM":"kitchen"}
{"PART_ID":"2082","TS_DATE":"20171019","TS_TIME":"11:24:39","ROOM":"livingroom"}
{"PART_ID":"2082","TS_DATE":"20171019","TS_TIME":"11:24:45","ROOM":"kitchen"}
{"PART_ID":"2082","TS_DATE":"20171019","TS_TIME":"11:24:54","ROOM":"livingroom"}
{"PART_ID":"2082","TS_DATE":"20171019","TS_TIME":"11:33:40","ROOM":"kitchen"}
{"PART_ID":"2082","TS_DATE":"20171019","TS_TIME":"11:38:01","ROOM":"livingroom"}
{"PART_ID":"2082","TS_DATE":"20171019","TS_TIME":"11:38:27","ROOM":"yard"}
{"PART_ID":"2082","TS_DATE":"20171019","TS_TIME":"11:38:29","ROOM":"livingroom"}
{"PART_ID":"2082","TS_DATE":"20171019","TS_TIME":"11:38:54","ROOM":"yard"}
{"PART_ID":"2082","TS_DATE":"20171019","TS_TIME":"11:38:57","ROOM":"livingroom"}
{"PART_ID":"2082","TS_DATE":"20171019","TS_TIME":"11:39:19","ROOM":"yard"}
{"PART_ID":"2082","TS_DATE":"20171019","TS_TIME":"11:39:24","ROOM":"livingroom"}
{"PART_ID":"2082","TS_DATE":"20171019","TS_TIME":"11:41:11","ROOM":"kitchen"}
{"PART_ID":"2082","TS_DATE":"20171019","TS_TIME":"11:41:14","ROOM":"livingroom"}
{"PART_ID":"2082","TS_DATE":"20171019","TS_TIME":"11:41:36","ROOM":"kitchen"}
{"PART_ID":"2082","TS_DATE":"20171019","TS_TIME":"11:43:19","ROOM":"livingroom"}
{"PART_ID":"2082","TS_DATE":"20171019","TS_TIME":"11:43:28","ROOM":"kitchen"}
{"PART_ID":"2082","TS_DATE":"20171019","TS_TIME":"11:43:37","ROOM":"livingroom"}
{"PART_ID":"2082","TS_DATE":"20171019","TS_TIME":"11:44:00","ROOM":"kitchen"}
{"PART_ID":"2082","TS_DATE":"20171019","TS_TIME":"11:45:19","ROOM":"livingroom"}
{"PART_ID":"2082","TS_DATE":"20171019","TS_TIME":"11:45:29","ROOM":"kitchen"}
{"PART_ID":"2082","TS_DATE":"20171019","TS_TIME":"11:45:38","ROOM":"livingroom"}
{"PART_ID":"2082","TS_DATE":"20171019","TS_TIME":"11:45:40","ROOM":"kitchen"}
{"PART_ID":"2082","TS_DATE":"20171019","TS_TIME":"11:45:46","ROOM":"livingroom"}
{"PART_ID":"2082","TS_DATE":"20171019","TS_TIME":"11:48:08","ROOM":"kitchen"}
{"PART_ID":"2082","TS_DATE":"20171019","TS_TIME":"11:48:13","ROOM":"livingroom"}
{"PART_ID":"2082","TS_DATE":"20171019","TS_TIME":"11:48:55","ROOM":"kitchen"}
{"PART_ID":"2082","TS_DATE":"20171019","TS_TIME":"11:49:55","ROOM":"livingroom"}
{"PART_ID":"2082","TS_DATE":"20171019","TS_TIME":"11:51:06","ROOM":"kitchen"}
{"PART_ID":"2082","TS_DATE":"20171019","TS_TIME":"11:51:11","ROOM":"livingroom"}
{"PART_ID":"2082","TS_DATE":"20171019","TS_TIME":"11:51:38","ROOM":"yard"}
{"PART_ID":"2082","TS_DATE":"20171019","TS_TIME":"11:51:52","ROOM":"livingroom"}
{"PART_ID":"2082","TS_DATE":"20171019","TS_TIME":"11:52:08","ROOM":"kitchen"}
{"PART_ID":"2082","TS_DATE":"20171019","TS_TIME":"11:52:21","ROOM":"livingroom"}
{"PART_ID":"2082","TS_DATE":"20171019","TS_TIME":"11:53:08","ROOM":"kitchen"}
{"PART_ID":"2082","TS_DATE":"20171019","TS_TIME":"11:53:10","ROOM":"livingroom"}
{"PART_ID":"2082","TS_DATE":"20171019","TS_TIME":"11:57:27","ROOM":"yard"}
{"PART_ID":"2082","TS_DATE":"20171019","TS_TIME":"11:57:45","ROOM":"livingroom"}
{"PART_ID":"2082","TS_DATE":"20171019","TS_TIME":"11:58:43","ROOM":"yard"}
{"PART_ID":"2082","TS_DATE":"20171019","TS_TIME":"11:58:54","ROOM":"livingroom"}
{"PART_ID":"2082","TS_DATE":"20171019","TS_TIME":"11:59:08","ROOM":"kitchen"}
{"PART_ID":"2082","TS_DATE":"20171019","TS_TIME":"11:59:16","ROOM":"livingroom"}
{"PART_ID":"2082","TS_DATE":"20171019","TS_TIME":"11:59:22","ROOM":"kitchen"}
{"PART_ID":"2082","TS_DATE":"20171019","TS_TIME":"11:59:32","ROOM":"livingroom"}
{"PART_ID":"2082","TS_DATE":"20171019","TS_TIME":"11:59:49","ROOM":"kitchen"}
{"PART_ID":"2082","TS_DATE":"20171019","TS_TIME":"12:00:08","ROOM":"livingroom"}
{"PART_ID":"2082","TS_DATE":"20171019","TS_TIME":"12:00:09","ROOM":"kitchen"}
{"PART_ID":"2082","TS_DATE":"20171019","TS_TIME":"12:00:48","ROOM":"livingroom"}
{"PART_ID":"2082","TS_DATE":"20171019","TS_TIME":"12:01:05","ROOM":"kitchen"}
{"PART_ID":"2082","TS_DATE":"20171023","TS_TIME":"10:14:42","ROOM":"livingroom"}
{"PART_ID":"2082","TS_DATE":"20171023","TS_TIME":"10:14:44","ROOM":"livingroom"}
{"PART_ID":"2082","TS_DATE":"20171023","TS_TIME":"10:14:45","ROOM":"livingroom"}
{"PART_ID":"2082","TS_DATE":"20171023","TS_TIME":"10:14:50","ROOM":"livingroom"}
{"PART_ID":"2082","TS_DATE":"20171023","TS_TIME":"10:15:31","ROOM":"livingroom"}
{"PART_ID":"2082","TS_DATE":"20171023","TS_TIME":"10:15:35","ROOM":"livingroom"}
{"PART_ID":"2082","TS_DATE":"20171023","TS_TIME":"10:21:47","ROOM":"kitchen"}
{"PART_ID":"2082","TS_DATE":"20171023","TS_TIME":"10:21:48","ROOM":"livingroom"}
{"PART_ID":"2082","TS_DATE":"20180119","TS_TIME":"16:24:26","ROOM":"kitchen"}
{"PART_ID":"2082","TS_DATE":"20180119","TS_TIME":"16:24:42","ROOM":"livingroom"}
{"PART_ID":"2082","TS_DATE":"20180119","TS_TIME":"16:24:46","ROOM":"kitchen"}
{"PART_ID":"2082","TS_DATE":"20180119","TS_TIME":"16:27:15","ROOM":"yard"}
{"PART_ID":"2082","TS_DATE":"20180119","TS_TIME":"16:34:04","ROOM":"kitchen"}
{"PART_ID":"2082","TS_DATE":"20180119","TS_TIME":"16:34:48","ROOM":"yard"}
{"PART_ID":"2082","TS_DATE":"20180119","TS_TIME":"16:46:52","ROOM":"kitchen"}
{"PART_ID":"2082","TS_DATE":"20180119","TS_TIME":"16:48:04","ROOM":"yard"}
{"PART_ID":"2082","TS_DATE":"20180119","TS_TIME":"16:49:37","ROOM":"kitchen"}
{"PART_ID":"2082","TS_DATE":"20180119","TS_TIME":"16:50:23","ROOM":"yard"}
{"PART_ID":"2082","TS_DATE":"20180119","TS_TIME":"16:52:53","ROOM":"kitchen"}
{"PART_ID":"2082","TS_DATE":"20180119","TS_TIME":"16:53:37","ROOM":"yard"}
{"PART_ID":"2082","TS_DATE":"20180119","TS_TIME":"17:00:56","ROOM":"kitchen"}
{"PART_ID":"2082","TS_DATE":"20180119","TS_TIME":"17:01:39","ROOM":"yard"}
{"PART_ID":"2082","TS_DATE":"20180119","TS_TIME":"17:02:57","ROOM":"kitchen"}
{"PART_ID":"2082","TS_DATE":"20180119","TS_TIME":"17:04:26","ROOM":"yard"}
{"PART_ID":"2082","TS_DATE":"20180119","TS_TIME":"17:04:42","ROOM":"kitchen"}
{"PART_ID":"2082","TS_DATE":"20180217","TS_TIME":"11:53:00","ROOM":"kitchen"}
{"PART_ID":"2082","TS_DATE":"20180217","TS_TIME":"11:53:20","ROOM":"livingroom"}
{"PART_ID":"2082","TS_DATE":"20180521","TS_TIME":"10:14:19","ROOM":"kitchen"}
{"PART_ID":"2082","TS_DATE":"20180521","TS_TIME":"11:09:00","ROOM":"bathroom"}
{"PART_ID":"2082","TS_DATE":"20180521","TS_TIME":"11:24:20","ROOM":"bedroom"}
{"PART_ID":"2082","TS_DATE":"20180905","TS_TIME":"14:50:16","ROOM":"kitchen"}
{"PART_ID":"2082","TS_DATE":"20180905","TS_TIME":"15:00:58","ROOM":"livingroom"}
{"PART_ID":"2082","TS_DATE":"20180905","TS_TIME":"15:11:43","ROOM":"kitchen"}
{"PART_ID":"2082","TS_DATE":"20180905","TS_TIME":"15:18:15","ROOM":"livingroom"}
{"PART_ID":"2082","TS_DATE":"20180905","TS_TIME":"15:47:11","ROOM":"kitchen"}
{"PART_ID":"2082","TS_DATE":"20180905","TS_TIME":"15:50:58","ROOM":"bathroom"}
{"PART_ID":"2082","TS_DATE":"20180905","TS_TIME":"15:52:07","ROOM":"yard"}
{"PART_ID":"2082","TS_DATE":"20180905","TS_TIME":"16:00:21","ROOM":"bathroom"}
{"PART_ID":"2082","TS_DATE":"20180905","TS_TIME":"16:01:20","ROOM":"yard"}
{"PART_ID":"2082","TS_DATE":"20180905","TS_TIME":"16:01:26","ROOM":"bathroom"}
{"PART_ID":"2082","TS_DATE":"20180905","TS_TIME":"16:05:31","ROOM":"livingroom"}
{"PART_ID":"2082","TS_DATE":"20180905","TS_TIME":"16:07:56","ROOM":"bedroom"}
{"PART_ID":"2082","TS_DATE":"20180905","TS_TIME":"16:08:48","ROOM":"yard"}
{"PART_ID":"2082","TS_DATE":"20180905","TS_TIME":"17:35:46","ROOM":"bedroom"}
{"PART_ID":"2082","TS_DATE":"20180905","TS_TIME":"17:38:51","ROOM":"kitchen"}
{"PART_ID":"2082","TS_DATE":"20180905","TS_TIME":"17:55:08","ROOM":"yard"}
{"PART_ID":"2082","TS_DATE":"20180905","TS_TIME":"17:56:02","ROOM":"kitchen"}
{"PART_ID":"2083","TS_DATE":"20180129","TS_TIME":"15:41:58","ROOM":"kitchen"}
{"PART_ID":"2083","TS_DATE":"20180129","TS_TIME":"15:42:17","ROOM":"bedroom"}
{"PART_ID":"2083","TS_DATE":"20180129","TS_TIME":"15:42:25","ROOM":"livingroom"}
{"PART_ID":"2083","TS_DATE":"20180129","TS_TIME":"15:42:34","ROOM":"bedroom"}
{"PART_ID":"2083","TS_DATE":"20180129","TS_TIME":"15:42:58","ROOM":"kitchen"}
{"PART_ID":"2083","TS_DATE":"20180129","TS_TIME":"15:45:27","ROOM":"bedroom"}
{"PART_ID":"2083","TS_DATE":"20180129","TS_TIME":"15:45:59","ROOM":"kitchen"}
{"PART_ID":"2083","TS_DATE":"20180129","TS_TIME":"15:49:16","ROOM":"bedroom"}
{"PART_ID":"2083","TS_DATE":"20180129","TS_TIME":"15:50:44","ROOM":"kitchen"}
{"PART_ID":"2083","TS_DATE":"20180129","TS_TIME":"15:51:40","ROOM":"bedroom"}
{"PART_ID":"2083","TS_DATE":"20180131","TS_TIME":"11:49:18","ROOM":"kitchen"}
{"PART_ID":"2083","TS_DATE":"20180226","TS_TIME":"14:11:17","ROOM":"kitchen"}
{"PART_ID":"2083","TS_DATE":"20180226","TS_TIME":"14:23:40","ROOM":"bathroom"}
{"PART_ID":"2083","TS_DATE":"20180226","TS_TIME":"14:24:58","ROOM":"kitchen"}
{"PART_ID":"2083","TS_DATE":"20180226","TS_TIME":"14:25:11","ROOM":"bathroom"}
{"PART_ID":"2083","TS_DATE":"20180226","TS_TIME":"14:25:37","ROOM":"kitchen"}
{"PART_ID":"2083","TS_DATE":"20180301","TS_TIME":"14:19:55","ROOM":"bedroom"}
{"PART_ID":"2083","TS_DATE":"20180301","TS_TIME":"14:19:59","ROOM":"kitchen"}
{"PART_ID":"2083","TS_DATE":"20180301","TS_TIME":"14:20:19","ROOM":"livingroom"}
{"PART_ID":"2083","TS_DATE":"20180301","TS_TIME":"14:20:46","ROOM":"kitchen"}
{"PART_ID":"2083","TS_DATE":"20180301","TS_TIME":"14:20:57","ROOM":"kitchen"}
{"PART_ID":"2083","TS_DATE":"20180508","TS_TIME":"14:51:14","ROOM":"kitchen"}
{"PART_ID":"2083","TS_DATE":"20180508","TS_TIME":"15:09:29","ROOM":"bathroom"}
{"PART_ID":"2083","TS_DATE":"20180508","TS_TIME":"15:12:42","ROOM":"yard"}
{"PART_ID":"2083","TS_DATE":"20180508","TS_TIME":"17:40:45","ROOM":"bedroom"}
{"PART_ID":"2083","TS_DATE":"20180508","TS_TIME":"17:46:12","ROOM":"livingroom"}
{"PART_ID":"2083","TS_DATE":"20180508","TS_TIME":"17:52:30","ROOM":"livingroom"}
{"PART_ID":"2083","TS_DATE":"20180509","TS_TIME":"10:03:03","ROOM":"bedroom"}
{"PART_ID":"2083","TS_DATE":"20180509","TS_TIME":"10:05:25","ROOM":"yard"}
{"PART_ID":"2083","TS_DATE":"20180509","TS_TIME":"10:37:38","ROOM":"bedroom"}
{"PART_ID":"2083","TS_DATE":"20180509","TS_TIME":"10:41:00","ROOM":"livingroom"}
{"PART_ID":"2083","TS_DATE":"20180509","TS_TIME":"11:07:37","ROOM":"yard"}
{"PART_ID":"2083","TS_DATE":"20180509","TS_TIME":"11:14:46","ROOM":"livingroom"}
{"PART_ID":"2083","TS_DATE":"20180509","TS_TIME":"11:19:06","ROOM":"kitchen"}
{"PART_ID":"2083","TS_DATE":"20180509","TS_TIME":"11:28:25","ROOM":"bedroom"}
{"PART_ID":"2083","TS_DATE":"20180509","TS_TIME":"11:34:48","ROOM":"yard"}
{"PART_ID":"2083","TS_DATE":"20180509","TS_TIME":"13:05:48","ROOM":"bedroom"}
{"PART_ID":"2083","TS_DATE":"20180509","TS_TIME":"13:09:57","ROOM":"kitchen"}
{"PART_ID":"2083","TS_DATE":"20180509","TS_TIME":"13:17:45","ROOM":"livingroom"}
{"PART_ID":"2083","TS_DATE":"20180509","TS_TIME":"13:22:28","ROOM":"bedroom"}
{"PART_ID":"2083","TS_DATE":"20180509","TS_TIME":"13:23:52","ROOM":"livingroom"}
{"PART_ID":"2083","TS_DATE":"20180509","TS_TIME":"14:25:56","ROOM":"bathroom"}
{"PART_ID":"2083","TS_DATE":"20180509","TS_TIME":"14:34:32","ROOM":"yard"}
{"PART_ID":"2083","TS_DATE":"20180509","TS_TIME":"17:23:38","ROOM":"bedroom"}
{"PART_ID":"2083","TS_DATE":"20180509","TS_TIME":"17:28:52","ROOM":"kitchen"}
{"PART_ID":"2083","TS_DATE":"20180509","TS_TIME":"17:32:46","ROOM":"livingroom"}
{"PART_ID":"2083","TS_DATE":"20180509","TS_TIME":"17:38:59","ROOM":"kitchen"}
{"PART_ID":"2083","TS_DATE":"20180509","TS_TIME":"17:41:44","ROOM":"livingroom"}
{"PART_ID":"2083","TS_DATE":"20180509","TS_TIME":"17:47:08","ROOM":"livingroom"}
{"PART_ID":"2083","TS_DATE":"20180717","TS_TIME":"11:20:55","ROOM":"bathroom"}
{"PART_ID":"2083","TS_DATE":"20180717","TS_TIME":"11:23:24","ROOM":"kitchen"}
{"PART_ID":"2083","TS_DATE":"20180717","TS_TIME":"11:38:08","ROOM":"bathroom"}
{"PART_ID":"2083","TS_DATE":"20180717","TS_TIME":"12:27:36","ROOM":"kitchen"}
{"PART_ID":"2083","TS_DATE":"20180717","TS_TIME":"13:06:56","ROOM":"livingroom"}
{"PART_ID":"2083","TS_DATE":"20180717","TS_TIME":"13:35:50","ROOM":"yard"}
{"PART_ID":"2083","TS_DATE":"20180717","TS_TIME":"14:08:44","ROOM":"livingroom"}
{"PART_ID":"2083","TS_DATE":"20180717","TS_TIME":"14:22:00","ROOM":"kitchen"}
{"PART_ID":"2083","TS_DATE":"20180717","TS_TIME":"14:40:27","ROOM":"yard"}
{"PART_ID":"2083","TS_DATE":"20180717","TS_TIME":"14:44:08","ROOM":"livingroom"}
{"PART_ID":"2083","TS_DATE":"20180717","TS_TIME":"14:48:03","ROOM":"yard"}
{"PART_ID":"2083","TS_DATE":"20180718","TS_TIME":"10:55:53","ROOM":"livingroom"}
{"PART_ID":"2083","TS_DATE":"20180718","TS_TIME":"11:02:40","ROOM":"livingroom"}
{"PART_ID":"2083","TS_DATE":"20180718","TS_TIME":"11:12:15","ROOM":"livingroom"}
{"PART_ID":"2083","TS_DATE":"20180718","TS_TIME":"11:15:15","ROOM":"livingroom"}
{"PART_ID":"2083","TS_DATE":"20180718","TS_TIME":"11:21:06","ROOM":"kitchen"}
{"PART_ID":"2083","TS_DATE":"20180718","TS_TIME":"11:32:09","ROOM":"livingroom"}
{"PART_ID":"2083","TS_DATE":"20180718","TS_TIME":"11:33:50","ROOM":"yard"}
{"PART_ID":"2083","TS_DATE":"20180718","TS_TIME":"12:48:10","ROOM":"livingroom"}
{"PART_ID":"2083","TS_DATE":"20180718","TS_TIME":"13:09:56","ROOM":"kitchen"}
{"PART_ID":"2083","TS_DATE":"20180719","TS_TIME":"10:54:41","ROOM":"kitchen"}
{"PART_ID":"2085","TS_DATE":"20171106","TS_TIME":"12:21:02","ROOM":"kitchen"}
{"PART_ID":"2085","TS_DATE":"20171106","TS_TIME":"12:21:06","ROOM":"bathroom"}
{"PART_ID":"2085","TS_DATE":"20171218","TS_TIME":"17:50:09","ROOM":"yard"}
{"PART_ID":"2085","TS_DATE":"20180115","TS_TIME":"15:36:59","ROOM":"kitchen"}
{"PART_ID":"2085","TS_DATE":"20180115","TS_TIME":"15:38:18","ROOM":"bathroom"}
{"PART_ID":"2085","TS_DATE":"20180115","TS_TIME":"15:39:29","ROOM":"kitchen"}
{"PART_ID":"2085","TS_DATE":"20180224","TS_TIME":"15:14:31","ROOM":"kitchen"}
{"PART_ID":"2085","TS_DATE":"20180226","TS_TIME":"17:04:18","ROOM":"kitchen"}
{"PART_ID":"2085","TS_DATE":"20180226","TS_TIME":"17:04:22","ROOM":"bedroom"}
{"PART_ID":"2085","TS_DATE":"20180508","TS_TIME":"14:12:59","ROOM":"kitchen"}
{"PART_ID":"2085","TS_DATE":"20180508","TS_TIME":"14:22:27","ROOM":"livingroom"}
{"PART_ID":"2085","TS_DATE":"20180508","TS_TIME":"14:36:07","ROOM":"kitchen"}
{"PART_ID":"2085","TS_DATE":"20180508","TS_TIME":"14:47:52","ROOM":"livingroom"}
{"PART_ID":"2085","TS_DATE":"20180508","TS_TIME":"14:50:25","ROOM":"kitchen"}
{"PART_ID":"2085","TS_DATE":"20180508","TS_TIME":"15:08:44","ROOM":"livingroom"}
{"PART_ID":"2085","TS_DATE":"20180508","TS_TIME":"16:00:46","ROOM":"kitchen"}
{"PART_ID":"2085","TS_DATE":"20180508","TS_TIME":"16:04:07","ROOM":"yard"}
{"PART_ID":"2085","TS_DATE":"20180509","TS_TIME":"10:51:11","ROOM":"kitchen"}
{"PART_ID":"2085","TS_DATE":"20180509","TS_TIME":"10:52:32","ROOM":"livingroom"}
{"PART_ID":"2085","TS_DATE":"20180509","TS_TIME":"10:57:28","ROOM":"livingroom"}
{"PART_ID":"2085","TS_DATE":"20180509","TS_TIME":"11:01:07","ROOM":"livingroom"}
{"PART_ID":"2085","TS_DATE":"20180509","TS_TIME":"11:17:18","ROOM":"livingroom"}
{"PART_ID":"2085","TS_DATE":"20180509","TS_TIME":"11:21:18","ROOM":"livingroom"}
{"PART_ID":"2085","TS_DATE":"20180509","TS_TIME":"11:25:53","ROOM":"livingroom"}
{"PART_ID":"2085","TS_DATE":"20180509","TS_TIME":"11:34:04","ROOM":"livingroom"}
{"PART_ID":"2085","TS_DATE":"20180509","TS_TIME":"12:02:40","ROOM":"livingroom"}
{"PART_ID":"2085","TS_DATE":"20180509","TS_TIME":"12:46:06","ROOM":"bathroom"}
{"PART_ID":"2085","TS_DATE":"20180509","TS_TIME":"12:50:08","ROOM":"livingroom"}
{"PART_ID":"2085","TS_DATE":"20180509","TS_TIME":"12:58:47","ROOM":"livingroom"}
{"PART_ID":"2085","TS_DATE":"20180509","TS_TIME":"13:05:46","ROOM":"bedroom"}
{"PART_ID":"2085","TS_DATE":"20180509","TS_TIME":"13:08:14","ROOM":"livingroom"}
{"PART_ID":"2085","TS_DATE":"20180509","TS_TIME":"13:27:46","ROOM":"bedroom"}
{"PART_ID":"2085","TS_DATE":"20180509","TS_TIME":"13:31:52","ROOM":"livingroom"}
{"PART_ID":"2085","TS_DATE":"20180509","TS_TIME":"14:46:06","ROOM":"kitchen"}
Processed a total of 500 messages
docker-compose exec zookeeper kafka-console-consumer --bootstrap-server        1.47s user 0.47s system 9% cpu 19.442 total
